<?xml version="1.0" encoding="UTF-8"?>
<!-- Generated by org.testng.reporters.JUnitXMLReporter -->
<testsuite ignored="0" hostname="MADEM" failures="0" tests="6" name="Default test" time="0.128" errors="0" timestamp="2022-09-29T08:23:41 IST">
  <testcase classname="com.automationtesting.testngconcepts.OrangeHRMLoginUsingTestNGConcept" name="launchURL" time="0.015"/>
  <testcase classname="com.automationtesting.testngconcepts.OrangeHRMLoginUsingTestNGConcept" name="launchbrowser" time="0.002"/>
  <testcase classname="com.automationtesting.testngconcepts.OrangeHRMLoginUsingTestNGConcept" name="login" time="0.001"/>
  <testcase classname="com.automationtesting.testngconcepts.OrangeHRMLoginUsingTestNGConcept" name="logout" time="0.003"/>
  <testcase classname="com.automationtesting.testngconcepts.OrangeHRMLoginUsingTestNGConcept" name="sendMail" time="0.003"/>
  <testcase classname="com.automationtesting.testngconcepts.OrangeHRMLoginUsingTestNGConcept" name="tearDown" time="0.002"/>
</testsuite> <!-- Default test -->
